This file contains any messages produced by compilers while
running configure, to aid debugging if configure makes a mistake.

It was created by moloch configure 2.3.2-GIT, which was
generated by GNU Autoconf 2.69.  Invocation command line was

  $ ../configure 

## --------- ##
## Platform. ##
## --------- ##

hostname = Ubuntu-2004-focal-64-minimal
uname -m = x86_64
uname -r = 5.4.0-31-generic
uname -s = Linux
uname -v = #35-Ubuntu SMP Thu May 7 20:20:34 UTC 2020

/usr/bin/uname -p = x86_64
/bin/uname -X     = unknown

/bin/arch              = x86_64
/usr/bin/arch -k       = unknown
/usr/convex/getsysinfo = unknown
/usr/bin/hostinfo      = unknown
/bin/machine           = unknown
/usr/bin/oslevel       = unknown
/bin/universe          = unknown

PATH: /usr/local/sbin
PATH: /usr/local/bin
PATH: /usr/sbin
PATH: /usr/bin
PATH: /sbin
PATH: /bin
PATH: /usr/games
PATH: /usr/local/games
PATH: /root/.go/bin


## ----------- ##
## Core tests. ##
## ----------- ##

configure:2225: checking for a BSD-compatible install
configure:2293: result: /usr/bin/install -c
configure:2304: checking whether build environment is sane
configure:2359: result: yes
configure:2508: checking for a thread-safe mkdir -p
configure:2547: result: /usr/bin/mkdir -p
configure:2554: checking for gawk
configure:2584: result: no
configure:2554: checking for mawk
configure:2570: found /usr/bin/mawk
configure:2581: result: mawk
configure:2592: checking whether make sets $(MAKE)
configure:2614: result: yes
configure:2643: checking whether make supports nested variables
configure:2660: result: yes
configure:2834: checking for gcc
configure:2850: found /usr/bin/gcc
configure:2861: result: gcc
configure:3090: checking for C compiler version
configure:3099: gcc --version >&5
gcc (Ubuntu 9.3.0-10ubuntu2) 9.3.0
Copyright (C) 2019 Free Software Foundation, Inc.
This is free software; see the source for copying conditions.  There is NO
warranty; not even for MERCHANTABILITY or FITNESS FOR A PARTICULAR PURPOSE.

configure:3110: $? = 0
configure:3099: gcc -v >&5
Using built-in specs.
COLLECT_GCC=gcc
COLLECT_LTO_WRAPPER=/usr/lib/gcc/x86_64-linux-gnu/9/lto-wrapper
OFFLOAD_TARGET_NAMES=nvptx-none:hsa
OFFLOAD_TARGET_DEFAULT=1
Target: x86_64-linux-gnu
Configured with: ../src/configure -v --with-pkgversion='Ubuntu 9.3.0-10ubuntu2' --with-bugurl=file:///usr/share/doc/gcc-9/README.Bugs --enable-languages=c,ada,c++,go,brig,d,fortran,objc,obj-c++,gm2 --prefix=/usr --with-gcc-major-version-only --program-suffix=-9 --program-prefix=x86_64-linux-gnu- --enable-shared --enable-linker-build-id --libexecdir=/usr/lib --without-included-gettext --enable-threads=posix --libdir=/usr/lib --enable-nls --enable-clocale=gnu --enable-libstdcxx-debug --enable-libstdcxx-time=yes --with-default-libstdcxx-abi=new --enable-gnu-unique-object --disable-vtable-verify --enable-plugin --enable-default-pie --with-system-zlib --with-target-system-zlib=auto --enable-objc-gc=auto --enable-multiarch --disable-werror --with-arch-32=i686 --with-abi=m64 --with-multilib-list=m32,m64,mx32 --enable-multilib --with-tune=generic --enable-offload-targets=nvptx-none,hsa --without-cuda-driver --enable-checking=release --build=x86_64-linux-gnu --host=x86_64-linux-gnu --target=x86_64-linux-gnu
Thread model: posix
gcc version 9.3.0 (Ubuntu 9.3.0-10ubuntu2) 
configure:3110: $? = 0
configure:3099: gcc -V >&5
gcc: error: unrecognized command line option '-V'
gcc: fatal error: no input files
compilation terminated.
configure:3110: $? = 1
configure:3099: gcc -qversion >&5
gcc: error: unrecognized command line option '-qversion'; did you mean '--version'?
gcc: fatal error: no input files
compilation terminated.
configure:3110: $? = 1
configure:3130: checking whether the C compiler works
configure:3152: gcc    conftest.c  >&5
configure:3156: $? = 0
configure:3204: result: yes
configure:3207: checking for C compiler default output file name
configure:3209: result: a.out
configure:3215: checking for suffix of executables
configure:3222: gcc -o conftest    conftest.c  >&5
configure:3226: $? = 0
configure:3248: result: 
configure:3270: checking whether we are cross compiling
configure:3278: gcc -o conftest    conftest.c  >&5
configure:3282: $? = 0
configure:3289: ./conftest
configure:3293: $? = 0
configure:3281: result: no
configure:3286: checking for suffix of object files
configure:3308: gcc -c   conftest.c >&5
configure:3312: $? = 0
configure:3333: result: o
configure:3337: checking whether we are using the GNU C compiler
configure:3356: gcc -c   conftest.c >&5
configure:3356: $? = 0
configure:3365: result: yes
configure:3374: checking whether gcc accepts -g
configure:3394: gcc -c -g  conftest.c >&5
configure:3394: $? = 0
configure:3435: result: yes
configure:3452: checking for gcc option to accept ISO C89
configure:3515: gcc  -c -g -O2  conftest.c >&5
configure:3515: $? = 0
configure:3528: result: none needed
configure:3553: checking whether gcc understands -c and -o together
configure:3575: gcc -c conftest.c -o conftest2.o
configure:3578: $? = 0
configure:3575: gcc -c conftest.c -o conftest2.o
configure:3578: $? = 0
configure:3590: result: yes
configure:3610: checking whether make supports the include directive
configure:3625: make -f confmf.GNU && cat confinc.out
this is the am__doit target
configure:3628: $? = 0
configure:3647: result: yes (GNU style)
configure:3672: checking dependency style of gcc
configure:3783: result: none
configure:3856: checking for g++
configure:3872: found /usr/bin/g++
configure:3883: result: g++
configure:3910: checking for C++ compiler version
configure:3919: g++ --version >&5
g++ (Ubuntu 9.3.0-10ubuntu2) 9.3.0
Copyright (C) 2019 Free Software Foundation, Inc.
This is free software; see the source for copying conditions.  There is NO
warranty; not even for MERCHANTABILITY or FITNESS FOR A PARTICULAR PURPOSE.

configure:3930: $? = 0
configure:3919: g++ -v >&5
Using built-in specs.
COLLECT_GCC=g++
COLLECT_LTO_WRAPPER=/usr/lib/gcc/x86_64-linux-gnu/9/lto-wrapper
OFFLOAD_TARGET_NAMES=nvptx-none:hsa
OFFLOAD_TARGET_DEFAULT=1
Target: x86_64-linux-gnu
Configured with: ../src/configure -v --with-pkgversion='Ubuntu 9.3.0-10ubuntu2' --with-bugurl=file:///usr/share/doc/gcc-9/README.Bugs --enable-languages=c,ada,c++,go,brig,d,fortran,objc,obj-c++,gm2 --prefix=/usr --with-gcc-major-version-only --program-suffix=-9 --program-prefix=x86_64-linux-gnu- --enable-shared --enable-linker-build-id --libexecdir=/usr/lib --without-included-gettext --enable-threads=posix --libdir=/usr/lib --enable-nls --enable-clocale=gnu --enable-libstdcxx-debug --enable-libstdcxx-time=yes --with-default-libstdcxx-abi=new --enable-gnu-unique-object --disable-vtable-verify --enable-plugin --enable-default-pie --with-system-zlib --with-target-system-zlib=auto --enable-objc-gc=auto --enable-multiarch --disable-werror --with-arch-32=i686 --with-abi=m64 --with-multilib-list=m32,m64,mx32 --enable-multilib --with-tune=generic --enable-offload-targets=nvptx-none,hsa --without-cuda-driver --enable-checking=release --build=x86_64-linux-gnu --host=x86_64-linux-gnu --target=x86_64-linux-gnu
Thread model: posix
gcc version 9.3.0 (Ubuntu 9.3.0-10ubuntu2) 
configure:3930: $? = 0
configure:3919: g++ -V >&5
g++: error: unrecognized command line option '-V'
g++: fatal error: no input files
compilation terminated.
configure:3930: $? = 1
configure:3919: g++ -qversion >&5
g++: error: unrecognized command line option '-qversion'; did you mean '--version'?
g++: fatal error: no input files
compilation terminated.
configure:3930: $? = 1
configure:3934: checking whether we are using the GNU C++ compiler
configure:3953: g++ -c   conftest.cpp >&5
configure:3953: $? = 0
configure:3962: result: yes
configure:3971: checking whether g++ accepts -g
configure:3991: g++ -c -g  conftest.cpp >&5
configure:3991: $? = 0
configure:4032: result: yes
configure:4057: checking dependency style of g++
configure:4168: result: none
configure:4226: checking for git
configure:4242: found /usr/bin/git
configure:4253: result: git
configure:4284: checking how to run the C preprocessor
configure:4315: gcc -E  conftest.c
configure:4315: $? = 0
configure:4329: gcc -E  conftest.c
conftest.c:11:10: fatal error: ac_nonexistent.h: No such file or directory
   11 | #include <ac_nonexistent.h>
      |          ^~~~~~~~~~~~~~~~~~
compilation terminated.
configure:4329: $? = 1
configure: failed program was:
| /* confdefs.h */
| #define PACKAGE_NAME "moloch"
| #define PACKAGE_TARNAME "moloch"
| #define PACKAGE_VERSION "2.3.2-GIT"
| #define PACKAGE_STRING "moloch 2.3.2-GIT"
| #define PACKAGE_BUGREPORT ""
| #define PACKAGE_URL ""
| #define PACKAGE "moloch"
| #define VERSION "2.3.2-GIT"
| /* end confdefs.h.  */
| #include <ac_nonexistent.h>
configure:4354: result: gcc -E
configure:4374: gcc -E  conftest.c
configure:4374: $? = 0
configure:4388: gcc -E  conftest.c
conftest.c:11:10: fatal error: ac_nonexistent.h: No such file or directory
   11 | #include <ac_nonexistent.h>
      |          ^~~~~~~~~~~~~~~~~~
compilation terminated.
configure:4388: $? = 1
configure: failed program was:
| /* confdefs.h */
| #define PACKAGE_NAME "moloch"
| #define PACKAGE_TARNAME "moloch"
| #define PACKAGE_VERSION "2.3.2-GIT"
| #define PACKAGE_STRING "moloch 2.3.2-GIT"
| #define PACKAGE_BUGREPORT ""
| #define PACKAGE_URL ""
| #define PACKAGE "moloch"
| #define VERSION "2.3.2-GIT"
| /* end confdefs.h.  */
| #include <ac_nonexistent.h>
configure:4417: checking for grep that handles long lines and -e
configure:4475: result: /usr/bin/grep
configure:4480: checking for egrep
configure:4542: result: /usr/bin/grep -E
configure:4547: checking for ANSI C header files
configure:4567: gcc -c -g -O2  conftest.c >&5
configure:4567: $? = 0
configure:4640: gcc -o conftest -g -O2   conftest.c  >&5
configure:4640: $? = 0
configure:4640: ./conftest
configure:4640: $? = 0
configure:4651: result: yes
configure:4664: checking for sys/types.h
configure:4664: gcc -c -g -O2  conftest.c >&5
configure:4664: $? = 0
configure:4664: result: yes
configure:4664: checking for sys/stat.h
configure:4664: gcc -c -g -O2  conftest.c >&5
configure:4664: $? = 0
configure:4664: result: yes
configure:4664: checking for stdlib.h
configure:4664: gcc -c -g -O2  conftest.c >&5
configure:4664: $? = 0
configure:4664: result: yes
configure:4664: checking for string.h
configure:4664: gcc -c -g -O2  conftest.c >&5
configure:4664: $? = 0
configure:4664: result: yes
configure:4664: checking for memory.h
configure:4664: gcc -c -g -O2  conftest.c >&5
configure:4664: $? = 0
configure:4664: result: yes
configure:4664: checking for strings.h
configure:4664: gcc -c -g -O2  conftest.c >&5
configure:4664: $? = 0
configure:4664: result: yes
configure:4664: checking for inttypes.h
configure:4664: gcc -c -g -O2  conftest.c >&5
configure:4664: $? = 0
configure:4664: result: yes
configure:4664: checking for stdint.h
configure:4664: gcc -c -g -O2  conftest.c >&5
configure:4664: $? = 0
configure:4664: result: yes
configure:4664: checking for unistd.h
configure:4664: gcc -c -g -O2  conftest.c >&5
configure:4664: $? = 0
configure:4664: result: yes
configure:4678: checking sys/inotify.h usability
configure:4678: gcc -c -g -O2  conftest.c >&5
configure:4678: $? = 0
configure:4678: result: yes
configure:4678: checking sys/inotify.h presence
configure:4678: gcc -E  conftest.c
configure:4678: $? = 0
configure:4678: result: yes
configure:4678: checking for sys/inotify.h
configure:4678: result: yes
configure:4691: checking for main in -lpcre
configure:4710: gcc -o conftest -g -O2   conftest.c -lpcre   >&5
configure:4710: $? = 0
configure:4719: result: yes
configure:4732: checking for main in -luuid
configure:4751: gcc -o conftest -g -O2   conftest.c -luuid  -lpcre  >&5
configure:4751: $? = 0
configure:4760: result: yes
configure:4773: checking for main in -lrt
configure:4792: gcc -o conftest -g -O2   conftest.c -lrt  -luuid -lpcre  >&5
configure:4792: $? = 0
configure:4801: result: yes
configure:4812: checking for main in -lnet
configure:4831: gcc -o conftest -g -O2   conftest.c -lnet  -lrt -luuid -lpcre  >&5
/usr/bin/ld: cannot find -lnet
collect2: error: ld returned 1 exit status
configure:4831: $? = 1
configure: failed program was:
| /* confdefs.h */
| #define PACKAGE_NAME "moloch"
| #define PACKAGE_TARNAME "moloch"
| #define PACKAGE_VERSION "2.3.2-GIT"
| #define PACKAGE_STRING "moloch 2.3.2-GIT"
| #define PACKAGE_BUGREPORT ""
| #define PACKAGE_URL ""
| #define PACKAGE "moloch"
| #define VERSION "2.3.2-GIT"
| #define STDC_HEADERS 1
| #define HAVE_SYS_TYPES_H 1
| #define HAVE_SYS_STAT_H 1
| #define HAVE_STDLIB_H 1
| #define HAVE_STRING_H 1
| #define HAVE_MEMORY_H 1
| #define HAVE_STRINGS_H 1
| #define HAVE_INTTYPES_H 1
| #define HAVE_STDINT_H 1
| #define HAVE_UNISTD_H 1
| #define HAVE_SYS_INOTIFY_H 1
| #define HAVE_LIBPCRE 1
| #define HAVE_LIBUUID 1
| #define HAVE_LIBRT 1
| /* end confdefs.h.  */
| 
| 
| int
| main ()
| {
| return main ();
|   ;
|   return 0;
| }
configure:4840: result: no
configure:4852: checking for main in -ldl
configure:4871: gcc -o conftest -g -O2   conftest.c -ldl  -lrt -luuid -lpcre  >&5
configure:4871: $? = 0
configure:4880: result: yes
configure:4887: checking for main in -lresolv
configure:4906: gcc -o conftest -g -O2   conftest.c -lresolv  -lrt -luuid -lpcre  >&5
configure:4906: $? = 0
configure:4915: result: yes
configure:4927: checking build system type
configure:4941: result: x86_64-pc-linux-gnu
configure:4961: checking host system type
configure:4974: result: x86_64-pc-linux-gnu
configure:5008: checking for pfring
configure:5060: result: no
configure:5065: checking for libpcap
configure:5131: gcc -o conftest -g -O2   conftest.c -lpcap -lrt -luuid -lpcre  >&5
conftest.c:25:10: fatal error: pcap.h: No such file or directory
   25 | #include <pcap.h>
      |          ^~~~~~~~
compilation terminated.
configure:5131: $? = 1
configure: failed program was:
| /* confdefs.h */
| #define PACKAGE_NAME "moloch"
| #define PACKAGE_TARNAME "moloch"
| #define PACKAGE_VERSION "2.3.2-GIT"
| #define PACKAGE_STRING "moloch 2.3.2-GIT"
| #define PACKAGE_BUGREPORT ""
| #define PACKAGE_URL ""
| #define PACKAGE "moloch"
| #define VERSION "2.3.2-GIT"
| #define STDC_HEADERS 1
| #define HAVE_SYS_TYPES_H 1
| #define HAVE_SYS_STAT_H 1
| #define HAVE_STDLIB_H 1
| #define HAVE_STRING_H 1
| #define HAVE_MEMORY_H 1
| #define HAVE_STRINGS_H 1
| #define HAVE_INTTYPES_H 1
| #define HAVE_STDINT_H 1
| #define HAVE_UNISTD_H 1
| #define HAVE_SYS_INOTIFY_H 1
| #define HAVE_LIBPCRE 1
| #define HAVE_LIBUUID 1
| #define HAVE_LIBRT 1
| /* end confdefs.h.  */
| #include <pcap.h>
| int
| main ()
| {
| pcap_open_offline("","")
|   ;
|   return 0;
| }
configure:5142: error: libpcap not found

## ---------------- ##
## Cache variables. ##
## ---------------- ##

ac_cv_build=x86_64-pc-linux-gnu
ac_cv_c_compiler_gnu=yes
ac_cv_cxx_compiler_gnu=yes
ac_cv_env_CCC_set=
ac_cv_env_CCC_value=
ac_cv_env_CC_set=
ac_cv_env_CC_value=
ac_cv_env_CFLAGS_set=
ac_cv_env_CFLAGS_value=
ac_cv_env_CPPFLAGS_set=
ac_cv_env_CPPFLAGS_value=
ac_cv_env_CPP_set=
ac_cv_env_CPP_value=
ac_cv_env_CXXFLAGS_set=
ac_cv_env_CXXFLAGS_value=
ac_cv_env_CXX_set=
ac_cv_env_CXX_value=
ac_cv_env_LDFLAGS_set=
ac_cv_env_LDFLAGS_value=
ac_cv_env_LIBS_set=
ac_cv_env_LIBS_value=
ac_cv_env_build_alias_set=
ac_cv_env_build_alias_value=
ac_cv_env_host_alias_set=
ac_cv_env_host_alias_value=
ac_cv_env_target_alias_set=
ac_cv_env_target_alias_value=
ac_cv_header_inttypes_h=yes
ac_cv_header_memory_h=yes
ac_cv_header_stdc=yes
ac_cv_header_stdint_h=yes
ac_cv_header_stdlib_h=yes
ac_cv_header_string_h=yes
ac_cv_header_strings_h=yes
ac_cv_header_sys_inotify_h=yes
ac_cv_header_sys_stat_h=yes
ac_cv_header_sys_types_h=yes
ac_cv_header_unistd_h=yes
ac_cv_host=x86_64-pc-linux-gnu
ac_cv_lib_dl_main=yes
ac_cv_lib_net_main=no
ac_cv_lib_pcre_main=yes
ac_cv_lib_resolv_main=yes
ac_cv_lib_rt_main=yes
ac_cv_lib_uuid_main=yes
ac_cv_objext=o
ac_cv_path_EGREP='/usr/bin/grep -E'
ac_cv_path_GREP=/usr/bin/grep
ac_cv_path_install='/usr/bin/install -c'
ac_cv_path_mkdir=/usr/bin/mkdir
ac_cv_prog_AWK=mawk
ac_cv_prog_CPP='gcc -E'
ac_cv_prog_ac_ct_CC=gcc
ac_cv_prog_ac_ct_CXX=g++
ac_cv_prog_ac_ct_GIT=git
ac_cv_prog_cc_c89=
ac_cv_prog_cc_g=yes
ac_cv_prog_cxx_g=yes
ac_cv_prog_make_make_set=yes
am_cv_CC_dependencies_compiler_type=none
am_cv_CXX_dependencies_compiler_type=none
am_cv_make_support_nested_variables=yes
am_cv_prog_cc_c_o=yes

## ----------------- ##
## Output variables. ##
## ----------------- ##

ACLOCAL='${SHELL} /root/moloch/missing aclocal-1.16'
AMDEPBACKSLASH='\'
AMDEP_FALSE='#'
AMDEP_TRUE=''
AMTAR='$${TAR-tar}'
AM_BACKSLASH='\'
AM_DEFAULT_V='$(AM_DEFAULT_VERBOSITY)'
AM_DEFAULT_VERBOSITY='1'
AM_V='$(V)'
AUTOCONF='${SHELL} /root/moloch/missing autoconf'
AUTOHEADER='${SHELL} /root/moloch/missing autoheader'
AUTOMAKE='${SHELL} /root/moloch/missing automake-1.16'
AWK='mawk'
CC='gcc'
CCDEPMODE='depmode=none'
CFLAGS='-g -O2'
CPP='gcc -E'
CPPFLAGS=''
CURL_CFLAGS=''
CURL_LIBS=''
CXX='g++'
CXXDEPMODE='depmode=none'
CXXFLAGS='-g -O2'
CYGPATH_W='echo'
DEFS=''
DEPDIR='.deps'
DL_LIB='-ldl'
ECHO_C=''
ECHO_N='-n'
ECHO_T=''
EGREP='/usr/bin/grep -E'
EXEEXT=''
GIT='git'
GLIB2_CFLAGS=''
GLIB2_LIBS=''
GREP='/usr/bin/grep'
INSTALL_DATA='${INSTALL} -m 644'
INSTALL_PROGRAM='${INSTALL}'
INSTALL_SCRIPT='${INSTALL}'
INSTALL_STRIP_PROGRAM='$(install_sh) -c -s'
LDFLAGS=''
LIBOBJS=''
LIBS='-lrt -luuid -lpcre '
LTLIBOBJS=''
LUA_CFLAGS=''
LUA_LIBS=''
MAGIC_CFLAGS=''
MAGIC_LIBS=''
MAKEINFO='${SHELL} /root/moloch/missing makeinfo'
MAXMINDDB_CFLAGS=''
MAXMINDDB_LIBS=''
MKDIR_P='/usr/bin/mkdir -p'
OBJEXT='o'
PACKAGE='moloch'
PACKAGE_BUGREPORT=''
PACKAGE_NAME='moloch'
PACKAGE_STRING='moloch 2.3.2-GIT'
PACKAGE_TARNAME='moloch'
PACKAGE_URL=''
PACKAGE_VERSION='2.3.2-GIT'
PATH_SEPARATOR=':'
PCAP_CFLAGS=''
PCAP_LIBS=''
RESOLV_LIB='-lresolv'
SET_MAKE=''
SHARED_FLAGS='--shared'
SHELL='/bin/bash'
STRIP=''
UNDEFINED_FLAGS='-u g_checksum_update -u g_hmac_update -u g_uri_unescape_segment'
VERSION='2.3.2-GIT'
YARA_CFLAGS=''
YARA_LIBS=''
ac_ct_CC='gcc'
ac_ct_CXX='g++'
am__EXEEXT_FALSE=''
am__EXEEXT_TRUE=''
am__fastdepCC_FALSE=''
am__fastdepCC_TRUE='#'
am__fastdepCXX_FALSE=''
am__fastdepCXX_TRUE='#'
am__include='include'
am__isrc=' -I$(srcdir)'
am__leading_dot='.'
am__nodep='_no'
am__quote=''
am__tar='$${TAR-tar} chof - "$$tardir"'
am__untar='$${TAR-tar} xf -'
bindir='${exec_prefix}/bin'
build='x86_64-pc-linux-gnu'
build_alias=''
build_cpu='x86_64'
build_os='linux-gnu'
build_vendor='pc'
datadir='${datarootdir}'
datarootdir='${prefix}/share'
docdir='${datarootdir}/doc/${PACKAGE_TARNAME}'
dvidir='${docdir}'
exec_prefix='NONE'
host='x86_64-pc-linux-gnu'
host_alias=''
host_cpu='x86_64'
host_os='linux-gnu'
host_vendor='pc'
htmldir='${docdir}'
includedir='${prefix}/include'
infodir='${datarootdir}/info'
install_sh='${SHELL} /root/moloch/install-sh'
libdir='${exec_prefix}/lib'
libexecdir='${exec_prefix}/libexec'
localedir='${datarootdir}/locale'
localstatedir='${prefix}/var'
mandir='${datarootdir}/man'
mkdir_p='$(MKDIR_P)'
oldincludedir='/usr/include'
pdfdir='${docdir}'
prefix='NONE'
program_transform_name='s,x,x,'
psdir='${docdir}'
runstatedir='${localstatedir}/run'
sbindir='${exec_prefix}/sbin'
sharedstatedir='${prefix}/com'
sysconfdir='${prefix}/etc'
target_alias=''

## ----------- ##
## confdefs.h. ##
## ----------- ##

/* confdefs.h */
#define PACKAGE_NAME "moloch"
#define PACKAGE_TARNAME "moloch"
#define PACKAGE_VERSION "2.3.2-GIT"
#define PACKAGE_STRING "moloch 2.3.2-GIT"
#define PACKAGE_BUGREPORT ""
#define PACKAGE_URL ""
#define PACKAGE "moloch"
#define VERSION "2.3.2-GIT"
#define STDC_HEADERS 1
#define HAVE_SYS_TYPES_H 1
#define HAVE_SYS_STAT_H 1
#define HAVE_STDLIB_H 1
#define HAVE_STRING_H 1
#define HAVE_MEMORY_H 1
#define HAVE_STRINGS_H 1
#define HAVE_INTTYPES_H 1
#define HAVE_STDINT_H 1
#define HAVE_UNISTD_H 1
#define HAVE_SYS_INOTIFY_H 1
#define HAVE_LIBPCRE 1
#define HAVE_LIBUUID 1
#define HAVE_LIBRT 1

configure: exit 1
